INFO:root:Collision Attack for bit size 8
INFO:root:digest:0xcf, str1:dJy"0OFBxH, str2:-F3x.)0)A%, num_attempt:14
INFO:root:digest:0x29, str1:)N1!]'_X8;, str2:"%Jg3Q+ONI, num_attempt:17
INFO:root:digest:0xc6, str1:3w(G;.SI|6, str2:@*=9TEOOq3, num_attempt:21
INFO:root:digest:0xd7, str1:;P,@+z|@T|, str2:sq|q#$/,j!, num_attempt:12
INFO:root:digest:0xc4, str1:dy4i0*|-0~, str2:&Cfk;c,@<f, num_attempt:20
INFO:root:digest:0xd, str1:jQoS-Op$HI, str2:j95pT:0R~a, num_attempt:5
INFO:root:digest:0xe7, str1:KO08D5P[2l, str2:Y]>F4.{+ie, num_attempt:6
INFO:root:digest:0x42, str1:a43zK.3v"h, str2:-v*2w[uX|B, num_attempt:40
INFO:root:digest:0xa4, str1:.d"j3Qa@hT, str2:3%(@\HPj[p, num_attempt:6
INFO:root:digest:0x8a, str1:%_`Gu\[m#o, str2:*r4?3FdQwb, num_attempt:37
INFO:root:digest:0xf1, str1:eg.0wIEu@F, str2:Pe+TgehN[h, num_attempt:25
INFO:root:digest:0x4c, str1:D7vK++'Dx3, str2:n@9]T;RPmE, num_attempt:37
INFO:root:digest:0x4b, str1:VigT97o<LN, str2:zwZ\5uoQdE, num_attempt:33
INFO:root:digest:0xeb, str1:^&GVTE?o^/, str2:;x}<9up*HD, num_attempt:13
INFO:root:digest:0x9, str1:w"^d.RA@T$, str2:f`OY47O,:;, num_attempt:28
INFO:root:digest:0x3b, str1:ihawULqnRV, str2:jiGQN?>/'-, num_attempt:19
INFO:root:digest:0xab, str1:kbMo]TC<h|, str2:1q!]y5MN'!, num_attempt:3
INFO:root:digest:0xdc, str1:\ViOYOX07S, str2:r%QXFyqGP}, num_attempt:15
INFO:root:digest:0xb8, str1:8*EY4R|sW(, str2:4w)/MK[A`n, num_attempt:10
INFO:root:digest:0x2a, str1:Eu;j%/LQen, str2:)U]g!TaQC[, num_attempt:12
INFO:root:digest:0x54, str1:-iG&0-ILJr, str2:uzX5dmkAID, num_attempt:37
INFO:root:digest:0x40, str1:9-[S0#6g`2, str2:5E.Tp9RP@^, num_attempt:16
INFO:root:digest:0xfa, str1:f@%QnwfB`I, str2:PDr<j@?veL, num_attempt:15
INFO:root:digest:0xeb, str1:zC$,.93Z2}, str2:,KlW:GIQb&, num_attempt:11
INFO:root:digest:0xc, str1:~\y,6>V@.e, str2:a5KLRSvhp8, num_attempt:7
INFO:root:digest:0xc9, str1:Kho@Zbz;p(, str2:y?_?y|0ty3, num_attempt:7
INFO:root:digest:0x6c, str1:qE)Jl'3O~@, str2:`z7|ra#b&Y, num_attempt:21
INFO:root:digest:0xdd, str1:Q|nAJZPi&G, str2:9jKiy#-5IC, num_attempt:20
INFO:root:digest:0x45, str1:-@jd3#Xr}>, str2:0_:!5`\ftM, num_attempt:28
INFO:root:digest:0xae, str1:qbfP^&9zYH, str2:crEZ_q`3~B, num_attempt:4
INFO:root:digest:0x92, str1:y9Rfx9p.]%, str2:jT}G*fuO~{, num_attempt:19
INFO:root:digest:0x33, str1:{aHSn8'y$@, str2:vi%(#,c|Ra, num_attempt:21
INFO:root:digest:0x78, str1:8aK|$HKq``, str2:UjG2]Ah?u@, num_attempt:17
INFO:root:digest:0x22, str1:ejTk^E$!>m, str2:.q:7g~C:H|, num_attempt:20
INFO:root:digest:0xb4, str1:'w#>s@-=4q, str2:3nQ'A<K'yz, num_attempt:39
INFO:root:digest:0xfa, str1:.Oxbj~pv*4, str2:^jzyi2lnli, num_attempt:18
INFO:root:digest:0x3c, str1:Dhft8g6`<*, str2:?jDO}Az?x%, num_attempt:12
INFO:root:digest:0x56, str1:X:|Jy1DV[:, str2:#RWnYt?Em{, num_attempt:26
INFO:root:digest:0xbf, str1:wbe|a#~xvk, str2:u"#s4_jH|B, num_attempt:18
INFO:root:digest:0x24, str1:-f_D[SiiIg, str2:f^OB^XF%^t, num_attempt:8
INFO:root:digest:0x72, str1:$.`;9Y?RCr, str2:U$gd7*2Ior, num_attempt:7
INFO:root:digest:0xd5, str1:O`kA+5%?rb, str2:xoKbu{fv:A, num_attempt:33
INFO:root:digest:0xdd, str1:}M2.jar9t_, str2:UD&:H:.XQj, num_attempt:12
INFO:root:digest:0x9, str1:#R(D8x:@d], str2:&ZHKD'2,pu, num_attempt:28
INFO:root:digest:0x97, str1:VX:DeE<I5J, str2:|~U>gx$Zwe, num_attempt:36
INFO:root:digest:0x11, str1:}4=2s1fb"z, str2:MNPy%=HH?p, num_attempt:33
INFO:root:digest:0x74, str1:"nKN]NsdUf, str2:xlC|&odfk-, num_attempt:20
INFO:root:digest:0x98, str1:HW$n(isC!7, str2::!K^1I1`[6, num_attempt:8
INFO:root:digest:0x7e, str1:|kvYU3`OCu, str2:B[FppWZ+RK, num_attempt:20
INFO:root:digest:0xe, str1:T^6W|qQ`*h, str2:v#I~oTp0>+, num_attempt:7
INFO:root:Average Attempt:18.82
INFO:root:Expected Attempt: 16.0 (2^(n/2))
INFO:root:Collision Attack for bit size 10
INFO:root:digest:0x28f, str1:<**'&{munR, str2:ZB6#@(B`]Z, num_attempt:32
INFO:root:digest:0x28d, str1:GqLZVqKU)^, str2:q$}p?^N3r2, num_attempt:51
INFO:root:digest:0x2bd, str1:m{d~ai<|*I, str2:3^R'g5xx`7, num_attempt:24
INFO:root:digest:0x17f, str1:zvJ9R_^[w|, str2::[wNP:hL5/, num_attempt:44
INFO:root:digest:0x3f, str1:VuOE0b)WQ0, str2:37;b)TOPfa, num_attempt:30
INFO:root:digest:0x19b, str1::B$33XQtFF, str2:V4ahRFWXSO, num_attempt:26
INFO:root:digest:0x357, str1:0zSn"N)?$;, str2:7}S=sCWU~l, num_attempt:35
INFO:root:digest:0x2d3, str1:]JxJ#Z41^W, str2:l~\oKr=U-u, num_attempt:40
INFO:root:digest:0x31, str1:T*bwb;]wPS, str2:Ng3k^c%o+\, num_attempt:21
INFO:root:digest:0xb2, str1:*y)z1T\y&P, str2:MEgtA#T+AV, num_attempt:12
INFO:root:digest:0xb7, str1::9U=Q~5<"?, str2:oZy%eK2oQ], num_attempt:77
INFO:root:digest:0x3b9, str1:kz"%2f0#G(, str2:Vq+u4W=@jb, num_attempt:20
INFO:root:digest:0x140, str1:()f2EXs;Rx, str2:.Kk]Xp_D)7, num_attempt:45
INFO:root:digest:0x128, str1:u"c^HG}F)-, str2:3Pf~ppOHq%, num_attempt:55
INFO:root:digest:0x32d, str1:hVnB1FIQtz, str2:\HB{Lh;-c_, num_attempt:37
INFO:root:digest:0x2b5, str1:l@zz+g4XWo, str2:&j6?|@S;=5, num_attempt:22
INFO:root:digest:0x355, str1:dXCJGqzG/Z, str2:7xh(67Z]8x, num_attempt:52
INFO:root:digest:0x3dd, str1:A;#Yeocq#Y, str2:+j=ETPO49j, num_attempt:105
INFO:root:digest:0x56, str1:k_;>18dg3#, str2::8qJ2-V#aa, num_attempt:18
INFO:root:digest:0x2b1, str1:D\6Cqk7vJ%, str2:CZc~h7Oj$n, num_attempt:37
INFO:root:digest:0x3a9, str1:ODn/w<U~AP, str2:Z,z(mN;Ja#, num_attempt:16
INFO:root:digest:0x111, str1:&(MUF@%NLr, str2:\&HEq'DK6r, num_attempt:37
INFO:root:digest:0x24d, str1:k=MUT\Xe?:, str2:I9jZzj:JKh, num_attempt:2
INFO:root:digest:0x3a2, str1:JUMa4/gA\L, str2:hTI`c},9:~, num_attempt:55
INFO:root:digest:0x34b, str1:~qWW?#uy$-, str2:&QZ&WoRUA6, num_attempt:84
INFO:root:digest:0x2a8, str1:~CBmql~Qf!, str2:@0T-b=Q'gp, num_attempt:19
INFO:root:digest:0xbf, str1:(Dw$l9'~~\, str2:a.x<6zvNRv, num_attempt:35
INFO:root:digest:0x304, str1:%J9>t`"~Hn, str2:sp,fy~SkZ., num_attempt:26
INFO:root:digest:0x1be, str1:Z@zr"9AF"l, str2:c8L5Z(h@jb, num_attempt:33
INFO:root:digest:0x1e2, str1:r,F#@T{?22, str2:tAx.+{{&Wp, num_attempt:34
INFO:root:digest:0x39f, str1:Q<qD#UtnIQ, str2:;XW^y=pE/%, num_attempt:43
INFO:root:digest:0xe0, str1:S/Q%%spLLa, str2:xY!$7/xZC], num_attempt:44
INFO:root:digest:0x2d1, str1:il3lmC^dFI, str2:#lTq}pvrcq, num_attempt:10
INFO:root:digest:0x6d, str1:mHHFe?n8qm, str2:Lno0,:1N:7, num_attempt:19
INFO:root:digest:0x128, str1:xONy?b4"Wq, str2:y>clQ%JER_, num_attempt:40
INFO:root:digest:0x62, str1:[uU7!9>Go(, str2:!JJ*T5Ii>,, num_attempt:60
INFO:root:digest:0x143, str1:,DqUN_gtCa, str2:JA"(Rd5A4[, num_attempt:51
INFO:root:digest:0x389, str1:}Sa3m9c#~0, str2:rH*JkZ\guI, num_attempt:41
INFO:root:digest:0x129, str1:%R=XfEVw"Q, str2:E&xXgY~2{(, num_attempt:60
INFO:root:digest:0x2b0, str1:2MAWmo;Rn;, str2:(P#O^V(<Ik, num_attempt:68
INFO:root:digest:0x305, str1:J2K30V&,!Z, str2:,TmQx`Bwxi, num_attempt:29
INFO:root:digest:0x197, str1:9pg!DvT$2Y, str2:qiiKUe"d>D, num_attempt:60
INFO:root:digest:0x9d, str1:@A58@WNsL8, str2:9Kj!0r-_AU, num_attempt:42
INFO:root:digest:0x1cd, str1:-Td.XLog&h, str2:q)OLTFtjrj, num_attempt:1
INFO:root:digest:0x79, str1:O~v2bCy{>`, str2:V|JVy-.sRa, num_attempt:76
INFO:root:digest:0x93, str1:Q^d&k$?v+-, str2:4EPN*)jg)Y, num_attempt:20
INFO:root:digest:0x12d, str1:F89t2P-a87, str2:Xs>}[}r@2h, num_attempt:26
INFO:root:digest:0xe8, str1:}PS@m]>>b7, str2:xSZX@x&h#C, num_attempt:34
INFO:root:digest:0x33b, str1:VyxtLV1K)5, str2:SUab{p!^yZ, num_attempt:44
INFO:root:digest:0xe, str1:AL2}]P`8#>, str2:t<[Cp/}`Nz, num_attempt:47
INFO:root:Average Attempt:38.78
INFO:root:Expected Attempt: 32.0 (2^(n/2))
INFO:root:Collision Attack for bit size 16
INFO:root:digest:0x1453, str1:z|KK}'JZlU, str2:]:/uHZl;F*, num_attempt:192
INFO:root:digest:0x3d3f, str1:I)XZ;]^].|, str2:o{b:3'3.*4, num_attempt:511
INFO:root:digest:0xa707, str1:eUtg7E\\+w, str2:Ab$%jN+@8M, num_attempt:412
INFO:root:digest:0xe24e, str1:[\w-tTLZ)i, str2:3yIU"{{-<t, num_attempt:247
INFO:root:digest:0xd7f, str1:AX-*,->-Y}, str2:+m~AY%>S3), num_attempt:375
INFO:root:digest:0x4acf, str1:2lGV~|Co<:, str2:rtZ0SmKdTE, num_attempt:287
INFO:root:digest:0xde0d, str1:h2:G/]~,uo, str2:4=>3wtC12B, num_attempt:73
INFO:root:digest:0xe4ad, str1:XZ6{7)ka3w, str2:J}M^J@dA6e, num_attempt:217
INFO:root:digest:0x4c6, str1:T%ap#H5;X[, str2:liFG0q2x{+, num_attempt:456
INFO:root:digest:0x6976, str1:-MBtYiK>Qk, str2:)4FJ1#2mts, num_attempt:232
INFO:root:digest:0x5145, str1:Z:6GQ?IZ)', str2:RGMxB@C@Y&, num_attempt:221
INFO:root:digest:0x8fb7, str1:3(le-L4>&G, str2:4DU|Q?%F3T, num_attempt:173
INFO:root:digest:0x19c4, str1:88sjRgOdPt, str2:P`h-?jCl^n, num_attempt:920
INFO:root:digest:0xb00e, str1:q4C;4X:^sK, str2:-L\2ic2u/b, num_attempt:315
INFO:root:digest:0xfe4c, str1:00$He:p>Y-, str2:w-opap5,|1, num_attempt:109
INFO:root:digest:0x5438, str1:pe[VNM<F3K, str2:eW7$/,'LId, num_attempt:220
INFO:root:digest:0xc083, str1:%%L?T"HRjO, str2:uOU_&,X>Lg, num_attempt:19
INFO:root:digest:0xe50e, str1:(ig>pM'W/;, str2:Wix'&j5<}}, num_attempt:521
INFO:root:digest:0xb413, str1:JgidR]U)i4, str2:j_+Vb%_n)b, num_attempt:47
INFO:root:digest:0xbb4f, str1:*j,bfv_%r>, str2:S4B4Wu+e@Z, num_attempt:320
INFO:root:digest:0xd319, str1:fks:ns.'~?, str2:(WSq9C8^9#, num_attempt:262
INFO:root:digest:0xd6a4, str1:LtZ<!K+.>h, str2:7&=u@m\Bnz, num_attempt:378
INFO:root:digest:0xc46f, str1:"pnccN-8NE, str2:UAoa'TLhG0, num_attempt:174
INFO:root:digest:0x712b, str1:.e#.a;gsob, str2:TYs[Q#HwQ0, num_attempt:149
INFO:root:digest:0x83c1, str1:L]CePl}'2M, str2:/nq]*C"@vR, num_attempt:161
INFO:root:digest:0x3ef4, str1:#E(a$TU^|Q, str2:)$UZD#<FEK, num_attempt:222
INFO:root:digest:0x81c6, str1:vPfQ!y[vGe, str2:i#CK"AJ:y4, num_attempt:545
INFO:root:digest:0xb02d, str1:)E!t^%A=zG, str2:r("CfbsPWt, num_attempt:259
INFO:root:digest:0xe36e, str1:J3D}urJ1it, str2:[2QWX`IksX, num_attempt:380
INFO:root:digest:0x9707, str1:C7)U:6-[]$, str2:]JqHQQn;&,, num_attempt:648
INFO:root:digest:0x5e6, str1:K^I!^Nm1::, str2:w~>_`*z7@5, num_attempt:247
INFO:root:digest:0x34a6, str1:L>]FlnSE&(, str2:+eMsz;kIKU, num_attempt:133
INFO:root:digest:0x753d, str1:.RvA3#X;0t, str2:M]gZy_8M>\, num_attempt:395
INFO:root:digest:0x42a8, str1:QX5u[aRG^., str2:9`u])xs91p, num_attempt:317
INFO:root:digest:0x428f, str1:<MK*JLUwoR, str2:zrxIRQ;R;L, num_attempt:490
INFO:root:digest:0x22d9, str1:HrS({oc'D}, str2:og]s9n;7ha, num_attempt:186
INFO:root:digest:0x129, str1:u{C#Z_IpzR, str2:V=RN/=]q05, num_attempt:421
INFO:root:digest:0x85c3, str1:zlm0ppNz*3, str2:Zc[R5Nb9jD, num_attempt:175
INFO:root:digest:0x7a42, str1:?-7/VrK#(^, str2:Y6#m/Fy=}M, num_attempt:155
INFO:root:digest:0xb94d, str1:;U|)|_**T-, str2:l1UKm%9MJ6, num_attempt:335
INFO:root:digest:0x39c4, str1:qrV_J"?~#@, str2:TdAd,{'~VN, num_attempt:128
INFO:root:digest:0xe5a4, str1:sS7wFuesCw, str2:?ZUWeV9W^o, num_attempt:508
INFO:root:digest:0xcc2b, str1:iMaH9D9%5$, str2:.l_a%tYRc2, num_attempt:453
INFO:root:digest:0x6ef5, str1:O^gSxJe_^:, str2:=+xkB~*O&O, num_attempt:146
INFO:root:digest:0x21de, str1:ei4AfSEWJQ, str2:l&Yg=6A{:c, num_attempt:205
INFO:root:digest:0xce4f, str1:_,"*60>@uu, str2:M[yQMGbQ9s, num_attempt:568
INFO:root:digest:0x47d4, str1:ze;U'7XnQZ, str2:`1gmzomFG=, num_attempt:441
INFO:root:digest:0x674b, str1:1sp@+re'hE, str2:08O9)X8@MH, num_attempt:305
INFO:root:digest:0xe492, str1:CB|,cx!8a., str2:{qucs(vNwn, num_attempt:808
INFO:root:digest:0x42c7, str1:Jzeufw#JN{, str2:}pD&</Ro]l, num_attempt:411
INFO:root:Average Attempt:317.44
INFO:root:Expected Attempt: 256.0 (2^(n/2))
INFO:root:Collision Attack for bit size 20
INFO:root:digest:0x5fd0d, str1:Ts"4~S=Qaj, str2:H9zr7tM[3T, num_attempt:1135
INFO:root:digest:0xc0369, str1:oLq6|ee->9, str2:UvPk<{*Ywn, num_attempt:847
INFO:root:digest:0x4c013, str1:,N5iUKzovj, str2:8xZ.\=lU~=, num_attempt:862
INFO:root:digest:0x62f4f, str1:EN20wwI>RI, str2:JFBzMP&"Nl, num_attempt:771
INFO:root:digest:0x651ec, str1:^)?W_G,'`{, str2:z/2^;}P?{,, num_attempt:1557
INFO:root:digest:0xa69a0, str1:(&V\H`F7LH, str2:lY*kb,(b4l, num_attempt:1537
INFO:root:digest:0xde0f, str1:PM)VPiKC}Q, str2:lBA_[nAk"=, num_attempt:2215
INFO:root:digest:0x52fff, str1:](df.kdDw0, str2:Vf}V&\CVqZ, num_attempt:596
INFO:root:digest:0x126ac, str1:bbh~jM@tsT, str2:}Gs@bI-V}/, num_attempt:710
INFO:root:digest:0xffbbc, str1:}hWaM~1/|I, str2:tUzr}dbsJ(, num_attempt:1450
INFO:root:digest:0x8aaf6, str1:rDF4IM!@=x, str2:iW1IS>s"_E, num_attempt:446
INFO:root:digest:0x96abc, str1:_Vq"$b-9p], str2:qAL?@Y'4wo, num_attempt:1691
INFO:root:digest:0x3d2a7, str1:{bA-nkBpCW, str2:[7Am~\1CJ_, num_attempt:1819
INFO:root:digest:0x4b7f9, str1:9kO;vS)wOl, str2:DN|,t~UcH,, num_attempt:2026
INFO:root:digest:0xa1eb4, str1:OnKTBlt(#i, str2:^eMrD}#,pO, num_attempt:524
INFO:root:digest:0x6b948, str1:^>Y=lee:TY, str2:`+PH\w"0|H, num_attempt:803
INFO:root:digest:0x10922, str1:i'p{F4PRPv, str2:|jpHD*.}zo, num_attempt:1350
INFO:root:digest:0xc1e46, str1:ZKwB1o\bLC, str2:V|;_aaIy&`, num_attempt:1572
INFO:root:digest:0x7e234, str1:VlNq!f@uE$, str2:7ZW^J[KQ+,, num_attempt:1811
INFO:root:digest:0x2c102, str1:QiNkJI6}M,, str2:`NVkJEkmk&, num_attempt:737
INFO:root:digest:0x95ec4, str1:Rv%&ILN((U, str2:&Mp[Qher8R, num_attempt:1908
INFO:root:digest:0x72a02, str1:|[/`8ai>X_, str2:bLE#:KrZlZ, num_attempt:1384
INFO:root:digest:0x3b3c9, str1:s\WdRx/][1, str2:Wt6xhqq,G;, num_attempt:2253
INFO:root:digest:0xb77ad, str1:5&mt|%|(u/, str2:pjooz;r;JL, num_attempt:378
INFO:root:digest:0xdc7dc, str1:8tzZBNho|8, str2:"L1b09kXKf, num_attempt:533
INFO:root:digest:0x12fa9, str1:o@0(HB1$,n, str2:uD@IE_Iz,5, num_attempt:1725
INFO:root:digest:0xe789d, str1:FD?<o_d)Nj, str2:M|wuF\@_/u, num_attempt:568
INFO:root:digest:0xbe25a, str1:_Xj?Ct_E28, str2:>\#%gJ2&,t, num_attempt:1849
INFO:root:digest:0xbcac3, str1:TDA='AX~pW, str2:Ytace$815Y, num_attempt:1544
INFO:root:digest:0xb3ce2, str1:tcZ7=?}u`., str2:MBM[S."Ie4, num_attempt:555
INFO:root:digest:0x4f0c5, str1:Zz1(.CG]ac, str2:zw:RIJZ>s>, num_attempt:2225
INFO:root:digest:0xdb01d, str1:9~l3/2HCy;, str2:9k{qb<m)<], num_attempt:755
INFO:root:digest:0x7b50b, str1:"d\@='knNc, str2:2U+'[,h8yu, num_attempt:2381
INFO:root:digest:0x965fb, str1:{u[q"MkZ:*, str2:#w)zYLOpXR, num_attempt:781
INFO:root:digest:0xd5273, str1:v#2EIx+Wf/, str2:)d->%sx-eE, num_attempt:804
INFO:root:digest:0x35a1a, str1:JpHs*ANME/, str2:qO:P|:@N#d, num_attempt:1196
INFO:root:digest:0x7bdc, str1:[nF'Jo1.$X, str2:^r\%b.^sD,, num_attempt:1494
INFO:root:digest:0xe648a, str1:jm"I+MLl)r, str2:<Jl">5t4>i, num_attempt:2765
INFO:root:digest:0x57006, str1:6U)!B8(dC#, str2:*-{d;@Bmzs, num_attempt:791
INFO:root:digest:0x5de94, str1:LD~J<=bI$X, str2:e&)@wiFtY:, num_attempt:1845
INFO:root:digest:0x19fa9, str1:pCDgR&)U73, str2:\v{AW+V.34, num_attempt:3366
INFO:root:digest:0xd2cfb, str1:^IC']8pVj2, str2:V&aY6Dok"n, num_attempt:1001
INFO:root:digest:0x6516d, str1:HG=g*JM3hg, str2:l:To0gUHvp, num_attempt:851
INFO:root:digest:0x341cf, str1:1$W(&e2JsX, str2:vBY(420`KL, num_attempt:311
INFO:root:digest:0xa3ffb, str1:(~^p1J!fzX, str2:+e;C4u!]fl, num_attempt:989
INFO:root:digest:0xb8db0, str1:X<oUVAKZ2{, str2:\jb;vty[g-, num_attempt:1627
INFO:root:digest:0xb1394, str1:\:[2\#@>8o, str2:X`c2q@6eZn, num_attempt:1508
INFO:root:digest:0x6b95d, str1:VCh6BKE%Wf, str2:cy5D4x5Yj=, num_attempt:2594
INFO:root:digest:0x907bf, str1:NT/KS-;gd}, str2:wgT?rP*t6/, num_attempt:3037
INFO:root:digest:0x7e1e, str1:]6{{8yJqtF, str2:~MT^1$K|/P, num_attempt:1924
INFO:root:Average Attempt:1388.02
INFO:root:Expected Attempt: 1024.0 (2^(n/2))
INFO:root:Collision Attack for bit size 24
INFO:root:digest:0x686432, str1:@eIuw"ePC%, str2:vP10":iU\<, num_attempt:2226
INFO:root:digest:0x3265ba, str1:,C&wX7=-_G, str2:a)6c}n]B?e, num_attempt:3309
INFO:root:digest:0xa36cfd, str1:^;^-t\I7Pt, str2:PTUh2'yFr", num_attempt:2566
INFO:root:digest:0xfb0d38, str1:$C<*!UtDr*, str2:&Kv,Y0yr`h, num_attempt:813
INFO:root:digest:0x5c0749, str1:MuFW|z.pq\, str2:LF09zH*1=@, num_attempt:4246
INFO:root:digest:0xc66c72, str1:/D/K=l?9rF, str2:*)%w%ArOJG, num_attempt:398
INFO:root:digest:0x9f29f5, str1:GDOJci7atE, str2:ogDH^6Fnur, num_attempt:4556
INFO:root:digest:0x219ee2, str1:FbqJf582r6, str2:)+JL[+STee, num_attempt:1428
INFO:root:digest:0xa5255b, str1:pC]F.~8Ze}, str2:Q3@$I&Mh?c, num_attempt:5699
INFO:root:digest:0xcdcb2f, str1:GU=0~n)M#s, str2:{HApI-dOXs, num_attempt:6194
INFO:root:digest:0xdba7c1, str1:`jfIT#iOj~, str2:4Lb8i/1Nd~, num_attempt:9017
INFO:root:digest:0xabdc85, str1:nHW[)O1Il:, str2:A;>pHz_?7V, num_attempt:6184
INFO:root:digest:0xf12c08, str1:}NXUZAHA!Q, str2:(f`Gv[+HM:, num_attempt:4384
INFO:root:digest:0x9c6960, str1:Em3/R(^8ow, str2:4KqON)YK#9, num_attempt:6356
INFO:root:digest:0xeb1ebc, str1:N%}t/JM!BB, str2:NwX0{s@`Ae, num_attempt:3064
INFO:root:digest:0x52a273, str1:Avmz'Y9cD4, str2:6-JZoTJk^O, num_attempt:6524
INFO:root:digest:0xe3269e, str1:5h`HJ2Ja4I, str2:QUSPb=N(FE, num_attempt:3298
INFO:root:digest:0x948923, str1:]%\&+jcWGd, str2:"_Zk:(8"v`, num_attempt:9666
INFO:root:digest:0x70afcb, str1:)?}%YWwTv3, str2:I|Z~zvOoB7, num_attempt:1814
INFO:root:digest:0x187f56, str1:e:P}a"H'd8, str2:R-B]0RaIrE, num_attempt:3466
INFO:root:digest:0xb7c7d2, str1:Zua<]&m4J#, str2:15Ydk#C(nr, num_attempt:9866
INFO:root:digest:0xa8847c, str1:'|HQ(xL4=@, str2:5F"T>#8n|U, num_attempt:5188
INFO:root:digest:0x35475f, str1:[1"`2RU$'<, str2:!N+<4kZ^1B, num_attempt:3859
INFO:root:digest:0xae68b9, str1:B],\*)H?0x, str2:_FIEK9lO{E, num_attempt:7574
INFO:root:digest:0xe3ade5, str1:+}zVa)soZ[, str2:K%ZTm}>9nm, num_attempt:5440
INFO:root:digest:0x88f5a4, str1:]iHP&4$F]?, str2:lyb(-#kHOe, num_attempt:3706
INFO:root:digest:0xd94b77, str1:<y|S~EI}Mr, str2:S~Qdw,7vY|, num_attempt:11543
INFO:root:digest:0x8405f9, str1:=a0^rX!=rf, str2:ve*\kyo(YT, num_attempt:1834
INFO:root:digest:0xed4b63, str1:h-G0/:=H?6, str2:gpHlYXo$"3, num_attempt:5125
INFO:root:digest:0x1405f5, str1:L>_:&PeG}), str2:`>Rr+r!qM>, num_attempt:5930
INFO:root:digest:0x50e78e, str1:|+6~Zh]6-A, str2:hboI#:o7*E, num_attempt:7501
INFO:root:digest:0x4d9724, str1:_/3(G&f[P=, str2:W+~R3/6XC|, num_attempt:3905
INFO:root:digest:0x36120b, str1:R)HsV%WsC~, str2:pS3kKOvYvi, num_attempt:7973
INFO:root:digest:0x3c4483, str1:and[RF,EZ., str2:6St{N#%'&C, num_attempt:6608
INFO:root:digest:0xd69488, str1:=WaG8683I6, str2:V_V4S]e@Vq, num_attempt:3477
INFO:root:digest:0xe4c82d, str1:Ee!Eb^J":N, str2:W-cys(HT_+, num_attempt:4638
INFO:root:digest:0xab4933, str1:`Z}{x(N=\(, str2:t:oOGSrJ:], num_attempt:10588
INFO:root:digest:0x62c924, str1:y?lQpJm^Ex, str2:ByT~150uC<, num_attempt:10135
INFO:root:digest:0x70f5ca, str1:DXfYcm_L-_, str2:,)-Bb=34d=, num_attempt:7045
INFO:root:digest:0xf390af, str1:3k2Up_R1&w, str2:M;whB#RFNk, num_attempt:4158
INFO:root:digest:0xebd5bb, str1:ILTS>S4Nlt, str2:s^6|kuhU1M, num_attempt:7058
INFO:root:digest:0xc257e0, str1:~/`W6x5(I_, str2:[e=I7%BotK, num_attempt:8080
INFO:root:digest:0x2a5b02, str1:"xH~Ze9z[K, str2:Vt&a8Q;_(6, num_attempt:5304
INFO:root:digest:0xa6dbf1, str1:>J`cvj;/h$, str2:As5-#XNhTN, num_attempt:3124
INFO:root:digest:0x5a1c, str1:wl#[;"3mYc, str2:e7,2AF*FqV, num_attempt:10707
INFO:root:digest:0xc54987, str1:/VZPxn8]X2, str2:vc\{D:sVo!, num_attempt:4468
INFO:root:digest:0x58c14e, str1:1FOo$C%:=', str2:kYL!=7@;se, num_attempt:6615
INFO:root:digest:0x309989, str1:t>t2<?&cNe, str2:9+7}74u=-D, num_attempt:4405
INFO:root:digest:0xf86272, str1:F44&u0p6#l, str2:S5K=1Y6CKF, num_attempt:11909
INFO:root:digest:0x5e0843, str1:kOa_hviC)s, str2:r@ZFq\-2cl, num_attempt:4180
INFO:root:Average Attempt:5543.02
INFO:root:Expected Attempt: 4096.0 (2^(n/2))
INFO:root:Preimage Attack for bit size 8
INFO:root:digest:0x2d, str1:)aTBUW".`m, str2:[ImZ*h>#k{, num_attempt:71
INFO:root:digest:0x65, str1:<(1:>P$;4x, str2:8B;Q>3)BwL, num_attempt:24
INFO:root:digest:0xa8, str1:=%CV]8"DDa, str2:r;}uQ>pS5J, num_attempt:348
INFO:root:digest:0xa5, str1:)DQmNTBMKh, str2:G&wwZLF0@%, num_attempt:17
INFO:root:digest:0xc4, str1:bQ{;c_;@jZ, str2:*)9Vv$Sjy&, num_attempt:349
INFO:root:digest:0x19, str1:}1DJ{#R+@G, str2:\W?WBAgGW7, num_attempt:415
INFO:root:digest:0x5f, str1:?!`)]PfG?}, str2:kXTBT7g_r;, num_attempt:152
INFO:root:digest:0xe9, str1:%@8:q~vZ/v, str2:g'kT}STTBK, num_attempt:605
INFO:root:digest:0xea, str1:p&Ews?(5+3, str2:~K"F~pO%g', num_attempt:891
INFO:root:digest:0x7b, str1:+R((!M!YDj, str2:Q8{H:AXve$, num_attempt:1
INFO:root:digest:0xe5, str1:r^3_fA|*!Y, str2:zL2M{5Z0We, num_attempt:459
INFO:root:digest:0xa3, str1:!B~B4lAB0U, str2:BJ_li;>P8Q, num_attempt:70
INFO:root:digest:0xf3, str1:8z_*i0xcM#, str2:K)qmUXMl$Y, num_attempt:30
INFO:root:digest:0x29, str1:N4XGalE/EA, str2:8Ce~u3L5La, num_attempt:83
INFO:root:digest:0x0, str1:{\H?eHowPW, str2:(pQ56EX'e1, num_attempt:150
INFO:root:digest:0xb1, str1:?&h[f<|SA", str2:0/w0^R:pcR, num_attempt:201
INFO:root:digest:0xbe, str1:{)Q-:r?#UL, str2:L0ZOKk'\?0, num_attempt:210
INFO:root:digest:0x93, str1:DhQN~2~2_^, str2:&{<J#H5s'e, num_attempt:98
INFO:root:digest:0x78, str1:z|C@]2nYrS, str2:WOL-l6(Ovx, num_attempt:27
INFO:root:digest:0xdb, str1:+JjQzGBKw,, str2:%8d{bY_4+B, num_attempt:281
INFO:root:digest:0x8f, str1:Jy5[cwr0?a, str2:]".nD|fG)A, num_attempt:481
INFO:root:digest:0xb2, str1:=^?'X\*dP}, str2:2%kkn-2&>H, num_attempt:167
INFO:root:digest:0x42, str1:FoC6T!f1Fz, str2:`*"01n)rsi, num_attempt:280
INFO:root:digest:0xb8, str1:wCjT^^SYV], str2:D)>B^ZU&xY, num_attempt:218
INFO:root:digest:0xe8, str1:jie)-y,P#X, str2:'[S{O)V61&, num_attempt:63
INFO:root:digest:0xa1, str1:u{0JZ)^W;G, str2:UMvQ8,T:}H, num_attempt:114
INFO:root:digest:0x73, str1:y#[@$Qh2L., str2:=qB\w;h]eK, num_attempt:130
INFO:root:digest:0x86, str1:G0S7r}pFH0, str2:L3w(_5jEr(, num_attempt:5
INFO:root:digest:0xc5, str1:v>kp@iL57$, str2:9`a|kj1Th&, num_attempt:129
INFO:root:digest:0x42, str1:Yl:mSu2jR_, str2::q#mqr~Prj, num_attempt:217
INFO:root:digest:0x79, str1:h5Yr'wN*ge, str2:VA@0yUiTmw, num_attempt:210
INFO:root:digest:0xd4, str1:HL]>uJ~<&X, str2:T1'37?m1gS, num_attempt:90
INFO:root:digest:0xc7, str1:?jBB_I7{]h, str2:d*6/2,##NG, num_attempt:428
INFO:root:digest:0x1, str1:T~Nxvy'PZ2, str2:H8(dF<Oti~, num_attempt:446
INFO:root:digest:0xa, str1:K-fQ&$g_7_, str2:rNF;\rXE-Q, num_attempt:212
INFO:root:digest:0x50, str1:h,(^f_i^xz, str2:PGC<&V_+|P, num_attempt:1212
INFO:root:digest:0xde, str1:sctcCV6X,\, str2:162~K|_2-e, num_attempt:233
INFO:root:digest:0x59, str1:SBAZrXjU(T, str2:vi!NQ5Q=%`, num_attempt:18
INFO:root:digest:0xb7, str1:z[*zOZYXwe, str2:Zmc<HZl*k-, num_attempt:167
INFO:root:digest:0x29, str1:u.n9_r[@ag, str2:?D2Ibr|8g(, num_attempt:94
INFO:root:digest:0x2d, str1:_`HUwMM|Y., str2:n,H7Z'Iu6f, num_attempt:289
INFO:root:digest:0xfa, str1:gjT(s!{)Jt, str2:yh4(Yeg)EH, num_attempt:575
INFO:root:digest:0x2d, str1:T.=\$)'x3{, str2:[-P!HokfUS, num_attempt:100
INFO:root:digest:0xd9, str1:&oJSCR-G7Q, str2:*~}-u1^03@, num_attempt:144
INFO:root:digest:0x1c, str1:ktn(6#VRwj, str2:de]TAG:!c%, num_attempt:178
INFO:root:digest:0x2e, str1:Dx0tX+sj)), str2:SzOe'#@9C%, num_attempt:186
INFO:root:digest:0x2, str1:g3jj0)6{n[, str2:vRX=By6k$m, num_attempt:397
INFO:root:digest:0xa6, str1:#,6{3G(NES, str2:+*[1@33vQ-, num_attempt:165
INFO:root:digest:0x5e, str1:ICp:|Er{1g, str2:3r^(Um9P"*, num_attempt:164
INFO:root:digest:0x61, str1:)>u|ndBPU%, str2:;7aW*_bnlM, num_attempt:49
INFO:root:Average Attempt:232.86
INFO:root:Expected Attempt: 256 (2^n)
INFO:root:Preimage Attack for bit size 10
INFO:root:digest:0x38a, str1:j:6y=`@`/?, str2:/:;wcA4H-j, num_attempt:1028
INFO:root:digest:0xca, str1:/{?3mqz9>C, str2:B(m@|1gBGm, num_attempt:1268
INFO:root:digest:0x3b8, str1:[ZHTsP(>#U, str2:{4\NsKzl$i, num_attempt:910
INFO:root:digest:0x261, str1:2]9kr}?f[N, str2:L&~>6(<M/^, num_attempt:696
INFO:root:digest:0x106, str1:A(_rv=DFv1, str2:0iwe34|4M2, num_attempt:1341
INFO:root:digest:0x3a5, str1:4lf"!6`_MQ, str2:D'VPNyCDTG, num_attempt:457
INFO:root:digest:0x242, str1:fJ94+.^Ff), str2:?B]F+_?5PK, num_attempt:2048
INFO:root:digest:0x362, str1:]2q"?WMlnK, str2:4/nJk]aQS\, num_attempt:258
INFO:root:digest:0x34e, str1:fGt\zvmp=<, str2:+YI`m%b>=U, num_attempt:2892
INFO:root:digest:0x1ad, str1:C?O5A!#MTJ, str2:63$v|`|gD5, num_attempt:225
INFO:root:digest:0x21d, str1:dX~ICamCRH, str2:N<g.$b5}BQ, num_attempt:333
INFO:root:digest:0x6e, str1:M|yBdVMBc$, str2:0Jq--U%zH", num_attempt:553
INFO:root:digest:0x264, str1:ZuN-e'ZmWO, str2:H"HsR]d[XN, num_attempt:876
INFO:root:digest:0x14, str1:Yo=x,+ch?\, str2:QT6j!1ij92, num_attempt:275
INFO:root:digest:0x1bf, str1:P9'2xD-XTM, str2:!z+v!!1tx", num_attempt:4464
INFO:root:digest:0x380, str1:rMM}}$?Kb#, str2:UdwOo/EeG&, num_attempt:772
INFO:root:digest:0x37a, str1:n;>?GoqoJY, str2:R>M"q(=9Fh, num_attempt:422
INFO:root:digest:0xd0, str1:;H0!jy)yL>, str2:Rm*Oz<o2Ge, num_attempt:143
INFO:root:digest:0xa8, str1:,)?qorMdP9, str2:kJc.aH.@GH, num_attempt:2030
INFO:root:digest:0x171, str1:Bz+.|%ZIAR, str2:dz_EG5!i^L, num_attempt:1048
INFO:root:digest:0x33d, str1:B.i67BbX[O, str2:}Mz0o2<$Q$, num_attempt:575
INFO:root:digest:0x3fc, str1:)5`@@J3"Dv, str2:c@p$>@Xg+f, num_attempt:2055
INFO:root:digest:0xe3, str1:xT}X(U1Kdr, str2:9k$Rq\`?@_, num_attempt:5559
INFO:root:digest:0x282, str1:f;W~;eJeS6, str2:8>|oz\6+L", num_attempt:392
INFO:root:digest:0x2bc, str1:fS7E^qb?`p, str2:{vY?Mu,1q%, num_attempt:537
INFO:root:digest:0x27b, str1:F./RAkKH$N, str2:Xy"3/70tGi, num_attempt:108
INFO:root:digest:0xcf, str1:VeEOTc!~MG, str2:h`-.k=(XFF, num_attempt:573
INFO:root:digest:0x99, str1:b%IgwR|K^7, str2:kekag=q"h9, num_attempt:5
INFO:root:digest:0x173, str1:zmH7NNn{<r, str2:~RZ1^FFbPx, num_attempt:134
INFO:root:digest:0x1a3, str1:>03jd?c}(M, str2:B1*Up)Ri;/, num_attempt:1338
INFO:root:digest:0x2bb, str1:g+S6p?:\EP, str2:~C+<%Jr@^$, num_attempt:541
INFO:root:digest:0x1cf, str1:CTlzgN3{D?, str2:T`gdo!QG5h, num_attempt:154
INFO:root:digest:0x398, str1:9#L%aehtC{, str2:gzP)*N8Qge, num_attempt:247
INFO:root:digest:0x1c2, str1:X5,A;bVy)V, str2:[S(notd~ce, num_attempt:488
INFO:root:digest:0x114, str1:0'.z;K@O,o, str2:i;Y?E>1+zH, num_attempt:1212
INFO:root:digest:0x389, str1:=3?aYwh'X9, str2:xYGb8kM8Qz, num_attempt:2158
INFO:root:digest:0x1c4, str1:a,bSTox{w', str2:ycS@g\:ln>, num_attempt:218
INFO:root:digest:0x33a, str1:17oPTsD=+t, str2:NHfLOg}r=?, num_attempt:1678
INFO:root:digest:0x180, str1:J]`=e%a<X1, str2:_zE[IiD=^y, num_attempt:413
INFO:root:digest:0x228, str1:5:(se{CzSl, str2:*dW>(EQtAQ, num_attempt:346
INFO:root:digest:0x30a, str1:8W>ZPw`UxB, str2:?E$P!w=*Jj, num_attempt:1951
INFO:root:digest:0x2b4, str1:}C(]>YpeY@, str2:6_ME9lW4-*, num_attempt:100
INFO:root:digest:0xa7, str1:."csfgW(`r, str2:5hD%:1RFF{, num_attempt:517
INFO:root:digest:0x307, str1:%?'IDF]xEr, str2:\s|iF?>]8Z, num_attempt:1751
INFO:root:digest:0x75, str1:_eM_EX4cR{, str2:BFT[}vdU3l, num_attempt:1431
INFO:root:digest:0x357, str1:_TzL$0'g}J, str2:Jl&4@j:aJV, num_attempt:3856
INFO:root:digest:0x273, str1:-aQenfC'gk, str2:ZgPb&BZIBi, num_attempt:1084
INFO:root:digest:0x210, str1:Jt/%S7R7+U, str2:@/6;a[}fA0, num_attempt:458
INFO:root:digest:0xa4, str1:`fO7H#sAkG, str2:}Y|e)&603L, num_attempt:484
INFO:root:digest:0x50, str1:9k-?6ayu/s, str2:q2&TYr@mr(, num_attempt:2550
INFO:root:Average Attempt:1099.04
INFO:root:Expected Attempt: 1024 (2^n)
INFO:root:Preimage Attack for bit size 16
INFO:root:digest:0xb759, str1:mcw/*G+=<7, str2:%=mJ3'-8"1, num_attempt:46847
INFO:root:digest:0xe655, str1:e{A.f"(@:$, str2:MPx<"Gd3@C, num_attempt:5244
INFO:root:digest:0xad20, str1:OL#!iE+e$|, str2:-kP>^q$u6;, num_attempt:51789
INFO:root:digest:0xf988, str1:7j*reg>-SD, str2:iBAKPsD=N+, num_attempt:82069
INFO:root:digest:0x201d, str1:hc%OIOJ{}%, str2:lfOP|<2h`1, num_attempt:193044
INFO:root:digest:0x3f2b, str1:ud*.(FbxR`, str2:`<,4!W'hzQ, num_attempt:7394
INFO:root:digest:0x4d3d, str1:vzqY]AHoRu, str2:I=B%ku2R{m, num_attempt:31900
INFO:root:digest:0x9a5, str1:pknG4'_m6u, str2:1I")TU)g<H, num_attempt:96335
INFO:root:digest:0x16e4, str1:!Jq29'H(L', str2:da.(,`X/1h, num_attempt:7350
INFO:root:digest:0xd714, str1:f,M.}1=.n,, str2:8nKu;"e/Y4, num_attempt:44904
INFO:root:digest:0xfb6d, str1:On@#*I!@LJ, str2:z\6a;6'_79, num_attempt:178417
INFO:root:digest:0xae7c, str1:eM9W@z.YmZ, str2:B52Fl0&sf), num_attempt:1021
INFO:root:digest:0x3a1d, str1:P#Frzcg!Sq, str2:0D61*j*Hmw, num_attempt:52691
INFO:root:digest:0xecf4, str1:c,jw/-qN*g, str2:<5Y%azEbDG, num_attempt:8913
INFO:root:digest:0xe0fc, str1:n0zuWxvy4N, str2:YNMedK#,~d, num_attempt:26780
INFO:root:digest:0xf2bb, str1:js}orD(D"X, str2:2y0jvp2x:b, num_attempt:4782
INFO:root:digest:0x5577, str1:(h&*>Tpz,l, str2:U@hJif5vtH, num_attempt:150093
INFO:root:digest:0xac53, str1:Ble{~@G$E1, str2:%Xqh!-#Zai, num_attempt:29753
INFO:root:digest:0x6006, str1:EC~j%gwadB, str2:Jki\Rs}!W}, num_attempt:5565
INFO:root:digest:0xe169, str1:cRbWq,V'L{, str2:1krmo?7-62, num_attempt:10223
INFO:root:digest:0x6078, str1:d>W+vrWf:;, str2:$4zrH<`'-m, num_attempt:72470
INFO:root:digest:0x23b4, str1:)<{*Y$;4GY, str2:o6if~ekw~t, num_attempt:38828
INFO:root:digest:0xd199, str1:\,H>j;i9{Q, str2:HKQ,ZF82@y, num_attempt:38469
INFO:root:digest:0x88d8, str1:(-wp&H4X$", str2:^G#19+]9FX, num_attempt:81660
INFO:root:digest:0xce29, str1:|7K7ze(bnV, str2:i'^,UuS8E9, num_attempt:45683
INFO:root:digest:0xb94e, str1:5MWNaB\xnA, str2:I_I]QoT[69, num_attempt:1984
INFO:root:digest:0x9c55, str1:"L;WtNT`eb, str2:iljkWG0:i%, num_attempt:260388
INFO:root:digest:0x480e, str1:2sd{Po(m}x, str2::^0{xQ?n]U, num_attempt:106573
INFO:root:digest:0x2fcc, str1:U|\P?-bW``, str2:4d|iUmQd4:, num_attempt:81918
INFO:root:digest:0x249, str1:$0S[cB8pIS, str2:Vy_"G.\(QP, num_attempt:113808
INFO:root:digest:0xa77b, str1:X{D`>9}0hD, str2:q6m=YmJS3H, num_attempt:80921
INFO:root:digest:0x414f, str1:1Mg#6q3mkK, str2:V{.7Rd?F(a, num_attempt:70785
INFO:root:digest:0xb2ac, str1:oW?NnLInkR, str2:r!}u!0bp/T, num_attempt:24583
INFO:root:digest:0x7db7, str1:Mm,\e"cE8+, str2:Gme&uT.}5], num_attempt:54678
INFO:root:digest:0xe1e0, str1:;|Ely9..b?, str2:`)VKNObOC@, num_attempt:34520
INFO:root:digest:0x3ef8, str1:Mu]`BLj+V), str2:)V~M}hR~Pd, num_attempt:5774
INFO:root:digest:0xc95d, str1:]EV/rCkVuq, str2:t\c/;3-3OL, num_attempt:167900
INFO:root:digest:0x6af8, str1:{8CM"("0Uv, str2:Fdpm?+,+SO, num_attempt:66450
INFO:root:digest:0x2977, str1:58JTS`SDS_, str2:0~q<1w%~'0, num_attempt:163197
INFO:root:digest:0x8e4d, str1:iQ`ru_x|j0, str2:Efj9VUQ,u3, num_attempt:4865
INFO:root:digest:0xcc13, str1:tu=&7wex{>, str2:,'XE?IPTl$, num_attempt:18808
INFO:root:digest:0x1b60, str1:Ss(-r7iuhq, str2:HDu6wgRFb5, num_attempt:28008
INFO:root:digest:0x740b, str1:sW:$+|pP1O, str2:Z+?\=+7\Tc, num_attempt:41038
INFO:root:digest:0x2598, str1:b++ME_Y424, str2:fRc6)_Cy"', num_attempt:52760
INFO:root:digest:0x69c4, str1:-X3OZhIcSn, str2:~FtwQ4if8R, num_attempt:7096
INFO:root:digest:0x60a5, str1:`:KGA"B51w, str2:5$.Z^7bR3h, num_attempt:62796
INFO:root:digest:0x3702, str1:}KwEMW&|vh, str2:IWsLm,oJvr, num_attempt:32580
INFO:root:digest:0x5a95, str1:C<-Ln'8oZ~, str2:uw"6i@W/[O, num_attempt:60974
INFO:root:digest:0x8cfe, str1:Y7z"hkxXnJ, str2:7*x%;#GFyn, num_attempt:22427
INFO:root:digest:0xd702, str1:T0.%TFHq=T, str2:j{ShrRQ@*a, num_attempt:91034
INFO:root:Average Attempt:59361.78
INFO:root:Expected Attempt: 65536 (2^n)
